<?xml version="1.0" encoding="UTF-8"?>
<!-- Generated by org.testng.reporters.JUnitXMLReporter -->
<testsuite hostname="Adi-PC" tests="4" failures="2" timestamp="12 Jun 2018 18:19:57 GMT" time="2.214" errors="0">
  <testcase name="Adi" time="0.04" classname="ExtentReportsClass2">
    <failure type="java.lang.AssertionError" message="Didn&amp;apos;t work expected [true] but found [false]">
      <![CDATA[java.lang.AssertionError: Didn't work expected [true] but found [false]
	at ExtentReportsClass2.Adi(ExtentReportsClass2.java:58)
... Removed 28 stack frames]]>
    </failure>
  </testcase> <!-- Adi -->
  <testcase name="failTest" time="0.0" classname="ExtentReportsClass2">
    <failure type="java.lang.AssertionError" message="expected [true] but found [false]">
      <![CDATA[java.lang.AssertionError: expected [true] but found [false]
	at ExtentReportsClass2.failTest(ExtentReportsClass2.java:82)
... Removed 28 stack frames]]>
    </failure>
  </testcase> <!-- failTest -->
  <testcase name="passTest" time="0.002" classname="ExtentReportsClass2"/>
  <testcase name="skipTest" time="0.003" classname="ExtentReportsClass2">
    <skipped/>
  </testcase> <!-- skipTest -->
</testsuite>
